<?xml version="1.0" encoding="UTF-8"?>
<!-- Generated by org.testng.reporters.JUnitReportReporter -->
<testsuite skipped="0" hostname="Sumairs-MacBook-Pro.local" name="com.syntax.testcases.LeaveModule" tests="3" failures="0" timestamp="2020-01-22T20:13:06 EST" time="0.004" errors="0">
  <testcase name="validateLeaveModule" time="0.001" classname="com.syntax.testcases.LeaveModule"/>
  <testcase name="leaveDate" time="0.002" classname="com.syntax.testcases.LeaveModule"/>
  <testcase name="returnDate" time="0.001" classname="com.syntax.testcases.LeaveModule"/>
</testsuite> <!-- com.syntax.testcases.LeaveModule -->
