<?xml version="1.0" encoding="UTF-8"?>
<!-- Generated by org.testng.reporters.JUnitReportReporter -->
<testsuite skipped="0" hostname="Sumairs-MacBook-Pro.local" name="com.syntax.testcases.PimModule" tests="3" failures="0" timestamp="2020-01-22T20:13:01 EST" time="0.004" errors="0">
  <testcase name="validatePimModule" time="0.001" classname="com.syntax.testcases.PimModule"/>
  <testcase name="validateRemoveEmployee" time="0.001" classname="com.syntax.testcases.PimModule"/>
  <testcase name="validateAddEmployee" time="0.002" classname="com.syntax.testcases.PimModule"/>
</testsuite> <!-- com.syntax.testcases.PimModule -->
