<?xml version="1.0" encoding="UTF-8"?>
<!-- Generated by org.testng.reporters.JUnitReportReporter -->
<testsuite skipped="0" hostname="Sumairs-MacBook-Pro.local" name="com.syntax.testcases.LeaveList" tests="1" failures="0" timestamp="2020-01-22T20:13:11 EST" time="0.001" errors="0">
  <testcase name="validateLeaveList" time="0.001" classname="com.syntax.testcases.LeaveList"/>
</testsuite> <!-- com.syntax.testcases.LeaveList -->
